<?xml version="1.0" encoding="UTF-8"?>
<testsuite name="me.weekbelt.InitTest" tests="4" skipped="0" failures="0" errors="0" timestamp="2021-01-13T12:02:37" hostname="MacBook-Pro-2.local" time="0.091">
  <properties/>
  <testcase name="testMultiplication()" classname="me.weekbelt.InitTest" time="0.072"/>
  <testcase name="testFrancMultiplication()" classname="me.weekbelt.InitTest" time="0.001"/>
  <testcase name="testCurrency()" classname="me.weekbelt.InitTest" time="0.009"/>
  <testcase name="testEquality()" classname="me.weekbelt.InitTest" time="0.003"/>
  <system-out><![CDATA[]]></system-out>
  <system-err><![CDATA[]]></system-err>
</testsuite>
