<?xml version="1.0" encoding="UTF-8"?>
<testsuite name="me.weekbelt.InitTest" tests="1" skipped="0" failures="0" errors="0" timestamp="2021-01-10T08:11:27" hostname="MacBook-Pro-2.local" time="0.067">
  <properties/>
  <testcase name="testEquality()" classname="me.weekbelt.InitTest" time="0.067"/>
  <system-out><![CDATA[]]></system-out>
  <system-err><![CDATA[]]></system-err>
</testsuite>
